<?xml version="1.0" encoding="utf-8"?><testsuites name="pytest tests"><testsuite name="pytest" errors="0" failures="0" skipped="0" tests="12" time="13.801" timestamp="2026-09-11T17:20:11.323235+00:00" hostname="agent-env-512b4e14-7851-4f1e-88c8-69d6a854634f"><testcase classname="tests.test_translate_api" name="test_root" time="0.368" /><testcase classname="tests.test_translate_api" name="test_languages_list" time="0.198" /><testcase classname="tests.test_translate_api" name="test_clear_history_initial" time="0.373" /><testcase classname="tests.test_translate_api" name="test_translate_status" time="3.521" /><testcase classname="tests.test_translate_api" name="test_translate_schema" time="0.000" /><testcase classname="tests.test_translate_api" name="test_translate_french_detected" time="0.000" /><testcase classname="tests.test_translate_api" name="test_translate_hello_present" time="0.000" /><testcase classname="tests.test_translate_api" name="test_history_has_entry" time="0.664" /><testcase classname="tests.test_translate_api" name="test_delete_single_history" time="0.730" /><testcase classname="tests.test_translate_api" name="test_translate_spanish_target" time="3.476" /><testcase classname="tests.test_translate_api" name="test_translate_empty_image" time="3.831" /><testcase classname="tests.test_translate_api" name="test_clear_history_final" time="0.325" /></testsuite></testsuites>